[start]2019/07/19/ 18:47:50[DATE]
DEBUG[PRIORITY]
[NDC]
main[THREAD] norg.apache.ibatis.logging.LogFactory[CATEGORY]
Logging initialized using 'class org.apache.ibatis.logging.log4j.Log4jImpl' adapter.[MESSAGE]

[start]2019/07/19/ 18:47:50[DATE]
DEBUG[PRIORITY]
[NDC]
main[THREAD] norg.apache.ibatis.datasource.pooled.PooledDataSource[CATEGORY]
PooledDataSource forcefully closed/removed all connections.[MESSAGE]

[start]2019/07/19/ 18:47:50[DATE]
DEBUG[PRIORITY]
[NDC]
main[THREAD] norg.apache.ibatis.datasource.pooled.PooledDataSource[CATEGORY]
PooledDataSource forcefully closed/removed all connections.[MESSAGE]

[start]2019/07/19/ 18:47:50[DATE]
DEBUG[PRIORITY]
[NDC]
main[THREAD] norg.apache.ibatis.datasource.pooled.PooledDataSource[CATEGORY]
PooledDataSource forcefully closed/removed all connections.[MESSAGE]

[start]2019/07/19/ 18:47:50[DATE]
DEBUG[PRIORITY]
[NDC]
main[THREAD] norg.apache.ibatis.datasource.pooled.PooledDataSource[CATEGORY]
PooledDataSource forcefully closed/removed all connections.[MESSAGE]

[start]2019/07/19/ 18:47:50[DATE]
DEBUG[PRIORITY]
[NDC]
main[THREAD] norg.apache.ibatis.transaction.jdbc.JdbcTransaction[CATEGORY]
Opening JDBC Connection[MESSAGE]

[start]2019/07/19/ 18:47:51[DATE]
DEBUG[PRIORITY]
[NDC]
main[THREAD] norg.apache.ibatis.datasource.pooled.PooledDataSource[CATEGORY]
Created connection 1118078504.[MESSAGE]

[start]2019/07/19/ 18:47:51[DATE]
DEBUG[PRIORITY]
[NDC]
main[THREAD] norg.apache.ibatis.transaction.jdbc.JdbcTransaction[CATEGORY]
Setting autocommit to false on JDBC Connection [com.mysql.cj.jdbc.ConnectionImpl@42a48628][MESSAGE]

[start]2019/07/19/ 18:47:51[DATE]
DEBUG[PRIORITY]
[NDC]
main[THREAD] ncom.wat.mapper.UserMapper.insertUser[CATEGORY]
==>  Preparing: insert into tb_user(username,password) values (?,?) [MESSAGE]

[start]2019/07/19/ 18:47:51[DATE]
DEBUG[PRIORITY]
[NDC]
main[THREAD] ncom.wat.mapper.UserMapper.insertUser[CATEGORY]
==> Parameters: admin(String), admin(String)[MESSAGE]

[start]2019/07/19/ 18:47:51[DATE]
DEBUG[PRIORITY]
[NDC]
main[THREAD] ncom.wat.mapper.UserMapper.insertUser[CATEGORY]
<==    Updates: 1[MESSAGE]

[start]2019/07/19/ 18:47:51[DATE]
DEBUG[PRIORITY]
[NDC]
main[THREAD] norg.apache.ibatis.transaction.jdbc.JdbcTransaction[CATEGORY]
Committing JDBC Connection [com.mysql.cj.jdbc.ConnectionImpl@42a48628][MESSAGE]

[start]2019/07/19/ 18:47:51[DATE]
DEBUG[PRIORITY]
[NDC]
main[THREAD] ncom.wat.mapper.UserMapper.findUserById[CATEGORY]
==>  Preparing: select * from tb_user where id=? [MESSAGE]

[start]2019/07/19/ 18:47:51[DATE]
DEBUG[PRIORITY]
[NDC]
main[THREAD] ncom.wat.mapper.UserMapper.findUserById[CATEGORY]
==> Parameters: 6(Integer)[MESSAGE]

[start]2019/07/19/ 18:47:51[DATE]
DEBUG[PRIORITY]
[NDC]
main[THREAD] ncom.wat.mapper.UserMapper.findUserById[CATEGORY]
<==      Total: 1[MESSAGE]

[start]2019/07/19/ 18:47:51[DATE]
DEBUG[PRIORITY]
[NDC]
main[THREAD] ncom.wat.mapper.UserMapper.updateUser[CATEGORY]
==>  Preparing: update tb_user set username=?,password=? where id=? [MESSAGE]

[start]2019/07/19/ 18:47:51[DATE]
DEBUG[PRIORITY]
[NDC]
main[THREAD] ncom.wat.mapper.UserMapper.updateUser[CATEGORY]
==> Parameters: admin3(String), admin3(String), 6(Integer)[MESSAGE]

[start]2019/07/19/ 18:47:51[DATE]
DEBUG[PRIORITY]
[NDC]
main[THREAD] ncom.wat.mapper.UserMapper.updateUser[CATEGORY]
<==    Updates: 1[MESSAGE]

[start]2019/07/19/ 18:47:51[DATE]
DEBUG[PRIORITY]
[NDC]
main[THREAD] norg.apache.ibatis.transaction.jdbc.JdbcTransaction[CATEGORY]
Committing JDBC Connection [com.mysql.cj.jdbc.ConnectionImpl@42a48628][MESSAGE]

[start]2019/07/19/ 18:47:51[DATE]
DEBUG[PRIORITY]
[NDC]
main[THREAD] norg.apache.ibatis.transaction.jdbc.JdbcTransaction[CATEGORY]
Resetting autocommit to true on JDBC Connection [com.mysql.cj.jdbc.ConnectionImpl@42a48628][MESSAGE]

[start]2019/07/19/ 18:47:51[DATE]
DEBUG[PRIORITY]
[NDC]
main[THREAD] norg.apache.ibatis.transaction.jdbc.JdbcTransaction[CATEGORY]
Closing JDBC Connection [com.mysql.cj.jdbc.ConnectionImpl@42a48628][MESSAGE]

[start]2019/07/19/ 18:47:51[DATE]
DEBUG[PRIORITY]
[NDC]
main[THREAD] norg.apache.ibatis.datasource.pooled.PooledDataSource[CATEGORY]
Returned connection 1118078504 to pool.[MESSAGE]

